           _                 _    
  __ _  __| |_ __ __ _ _ __ | |_  
 / _` |/ _` | '__/ _` | '_ \| __| 
| (_| | (_| | | | (_| | | | | |_  
 \__, |\__,_|_|  \__,_|_| |_|\__| 
    |_|                           

Version: 1.11.4, build: d8b6e4a0
Access web UI at http://localhost:6333/dashboard

2024-09-25T10:19:21.603052Z  INFO storage::content_manager::consensus::persistent: Loading raft state from ./storage/raft_state.json    
2024-09-25T10:19:21.606636Z DEBUG storage::content_manager::consensus::persistent: State: Persistent { state: RaftState { hard_state: HardState { term: 0, vote: 0, commit: 0 }, conf_state: ConfState { voters: [4086608955596124], learners: [], voters_outgoing: [], learners_next: [], auto_leave: false } }, latest_snapshot_meta: SnapshotMetadataSer { term: 0, index: 0 }, apply_progress_queue: EntryApplyProgressQueue(None), peer_address_by_id: RwLock { data: {} }, peer_metadata_by_id: RwLock { data: {} }, cluster_metadata: {}, this_peer_id: 4086608955596124, path: "./storage/raft_state.json", dirty: false }    
2024-09-25T10:19:21.667149Z  INFO storage::content_manager::toc: Loading collection: default    
2024-09-25T10:19:22.054379Z  INFO collection::shards::local_shard: Recovering collection default: 0/1 (0%)    
2024-09-25T10:19:22.125145Z  INFO collection::shards::local_shard: Recovered collection default: 1/1 (100%)    
2024-09-25T10:19:22.136059Z DEBUG qdrant: Loaded collection: default    
2024-09-25T10:19:22.136093Z  INFO qdrant: Distributed mode disabled    
2024-09-25T10:19:22.136633Z  INFO qdrant: Telemetry reporting disabled    
2024-09-25T10:19:22.138504Z DEBUG qdrant: Waiting for thread web to finish    
2024-09-25T10:19:22.141123Z  WARN qdrant::actix::web_ui: Static content folder for Web UI './static' does not exist    
2024-09-25T10:19:22.141729Z  INFO qdrant::actix: TLS disabled for REST API    
2024-09-25T10:19:22.142369Z  INFO qdrant::actix: Qdrant HTTP listening on 6333    
2024-09-25T10:19:22.142709Z  INFO actix_server::builder: Starting 7 workers
2024-09-25T10:19:22.142724Z  INFO actix_server::server: Actix runtime found; starting in Actix runtime
2024-09-25T10:19:22.145448Z  INFO qdrant::tonic: Qdrant gRPC listening on 6334    
2024-09-25T10:19:22.145485Z  INFO qdrant::tonic: TLS disabled for gRPC API    
2024-09-25T10:19:36.247289Z  INFO actix_web::middleware::logger: 127.0.0.1 "POST /collections/default/points/search HTTP/1.1" 200 46 "-" "-" 0.023648    
2024-09-25T10:21:14.618755Z  INFO actix_web::middleware::logger: 127.0.0.1 "POST /collections/default/points/search HTTP/1.1" 200 9845 "-" "-" 0.087654    
2024-09-25T10:23:19.125807Z  INFO actix_web::middleware::logger: 127.0.0.1 "POST /collections/default/points/search HTTP/1.1" 200 46 "-" "-" 0.027281    
